Flow report for colourfiltering
<<<<<<< HEAD
Mon Jun 22 11:25:23 2020
=======
Tue Jun 16 17:12:30 2020
>>>>>>> parent of 9167a04... 游녨游때游댦
Quartus Prime Version 18.1.1 Build 646 04/11/2019 SJ Lite Edition


---------------------
; Table of Contents ;
---------------------
  1. Legal Notice
  2. Flow Summary
  3. Flow Settings
  4. Flow Non-Default Global Settings
  5. Flow Elapsed Time
  6. Flow OS Summary
  7. Flow Log
  8. Flow Messages
  9. Flow Suppressed Messages



----------------
; Legal Notice ;
----------------
Copyright (C) 2019  Intel Corporation. All rights reserved.
Your use of Intel Corporation's design tools, logic functions 
and other software and tools, and any partner logic 
functions, and any output files from any of the foregoing 
(including device programming or simulation files), and any 
associated documentation or information are expressly subject 
to the terms and conditions of the Intel Program License 
Subscription Agreement, the Intel Quartus Prime License Agreement,
the Intel FPGA IP License Agreement, or other applicable license
agreement, including, without limitation, that your use is for
the sole purpose of programming logic devices manufactured by
Intel and sold by Intel or its authorized distributors.  Please
refer to the applicable agreement for further details, at
https://fpgasoftware.intel.com/eula.



+----------------------------------------------------------------------------------+
; Flow Summary                                                                     ;
+------------------------------------+---------------------------------------------+
<<<<<<< HEAD
; Flow Status                        ; Successful - Mon Jun 22 11:25:18 2020       ;
=======
; Flow Status                        ; Successful - Tue Jun 16 17:12:26 2020       ;
>>>>>>> parent of 9167a04... 游녨游때游댦
; Quartus Prime Version              ; 18.1.1 Build 646 04/11/2019 SJ Lite Edition ;
; Revision Name                      ; colourfiltering                             ;
; Top-level Entity Name              ; colourfiltering                             ;
; Family                             ; Cyclone IV E                                ;
; Device                             ; EP4CE115F29C7                               ;
; Timing Models                      ; Final                                       ;
; Total logic elements               ; 4,096 / 114,480 ( 4 % )                     ;
;     Total combinational functions  ; 3,856 / 114,480 ( 3 % )                     ;
;     Dedicated logic registers      ; 1,789 / 114,480 ( 2 % )                     ;
; Total registers                    ; 1789                                        ;
; Total pins                         ; 170 / 529 ( 32 % )                          ;
; Total virtual pins                 ; 0                                           ;
; Total memory bits                  ; 396,288 / 3,981,312 ( 10 % )                ;
; Embedded Multiplier 9-bit elements ; 0 / 532 ( 0 % )                             ;
; Total PLLs                         ; 2 / 4 ( 50 % )                              ;
+------------------------------------+---------------------------------------------+


+-----------------------------------------+
; Flow Settings                           ;
+-------------------+---------------------+
; Option            ; Setting             ;
+-------------------+---------------------+
<<<<<<< HEAD
; Start date & time ; 06/22/2020 11:23:57 ;
=======
; Start date & time ; 06/16/2020 17:11:21 ;
>>>>>>> parent of 9167a04... 游녨游때游댦
; Main task         ; Compilation         ;
; Revision Name     ; colourfiltering     ;
+-------------------+---------------------+


<<<<<<< HEAD
+-----------------------------------------------------------------------------------------------------------------------------------------+
; Flow Non-Default Global Settings                                                                                                        ;
+-------------------------------------+--------------------------------------------------------+---------------+-------------+------------+
; Assignment Name                     ; Value                                                  ; Default Value ; Entity Name ; Section Id ;
+-------------------------------------+--------------------------------------------------------+---------------+-------------+------------+
; COMPILER_SIGNATURE_ID               ; 10995770589203.159281783714416                         ; --            ; --          ; --         ;
; MAX_CORE_JUNCTION_TEMP              ; 85                                                     ; --            ; --          ; --         ;
; MIN_CORE_JUNCTION_TEMP              ; 0                                                      ; --            ; --          ; --         ;
; MISC_FILE                           ; nios/synthesis/../nios.cmp                             ; --            ; --          ; --         ;
; MISC_FILE                           ; nios/synthesis/../../nios.qsys                         ; --            ; --          ; --         ;
; MISC_FILE                           ; int_line_bb.v                                          ; --            ; --          ; --         ;
; MISC_FILE                           ; Video/pll_test_bb.v                                    ; --            ; --          ; --         ;
; MISC_FILE                           ; Video/pll_test.ppf                                     ; --            ; --          ; --         ;
; MISC_FILE                           ; Video/fifo_pll_bb.v                                    ; --            ; --          ; --         ;
; NOMINAL_CORE_SUPPLY_VOLTAGE         ; 1.2V                                                   ; --            ; --          ; --         ;
; PARTITION_COLOR                     ; -- (Not supported for targeted family)                 ; --            ; --          ; Top        ;
; PARTITION_FITTER_PRESERVATION_LEVEL ; -- (Not supported for targeted family)                 ; --            ; --          ; Top        ;
; PARTITION_NETLIST_TYPE              ; -- (Not supported for targeted family)                 ; --            ; --          ; Top        ;
; POWER_BOARD_THERMAL_MODEL           ; None (CONSERVATIVE)                                    ; --            ; --          ; --         ;
; POWER_PRESET_COOLING_SOLUTION       ; 23 MM HEAT SINK WITH 200 LFPM AIRFLOW                  ; --            ; --          ; --         ;
; PROJECT_OUTPUT_DIRECTORY            ; output_files                                           ; --            ; --          ; --         ;
; SLD_FILE                            ; nios/synthesis/nios.regmap                             ; --            ; --          ; --         ;
; SLD_FILE                            ; nios/synthesis/nios.debuginfo                          ; --            ; --          ; --         ;
; SLD_INFO                            ; QSYS_NAME nios HAS_SOPCINFO 1 GENERATION_ID 1592473689 ; --            ; nios        ; --         ;
; SOPCINFO_FILE                       ; nios/synthesis/../../nios.sopcinfo                     ; --            ; --          ; --         ;
; SYNTHESIS_ONLY_QIP                  ; On                                                     ; --            ; --          ; --         ;
+-------------------------------------+--------------------------------------------------------+---------------+-------------+------------+
=======
+---------------------------------------------------------------------------------------------------------------------------------------------------+
; Flow Non-Default Global Settings                                                                                                                  ;
+-------------------------------------+--------------------------------------------------------+-----------------+---------------------+------------+
; Assignment Name                     ; Value                                                  ; Default Value   ; Entity Name         ; Section Id ;
+-------------------------------------+--------------------------------------------------------+-----------------+---------------------+------------+
; COMPILER_SIGNATURE_ID               ; 10995770589203.159232028115048                         ; --              ; --                  ; --         ;
; MAX_CORE_JUNCTION_TEMP              ; 85                                                     ; --              ; --                  ; --         ;
; MIN_CORE_JUNCTION_TEMP              ; 0                                                      ; --              ; --                  ; --         ;
; MISC_FILE                           ; nios/synthesis/../nios.cmp                             ; --              ; --                  ; --         ;
; MISC_FILE                           ; nios/synthesis/../../nios.qsys                         ; --              ; --                  ; --         ;
; MISC_FILE                           ; int_line_bb.v                                          ; --              ; --                  ; --         ;
; MISC_FILE                           ; Video/pll_test_bb.v                                    ; --              ; --                  ; --         ;
; MISC_FILE                           ; Video/pll_test.ppf                                     ; --              ; --                  ; --         ;
; MISC_FILE                           ; Video/fifo_pll_bb.v                                    ; --              ; --                  ; --         ;
; NOMINAL_CORE_SUPPLY_VOLTAGE         ; 1.2V                                                   ; --              ; --                  ; --         ;
; PARTITION_COLOR                     ; -- (Not supported for targeted family)                 ; --              ; VGA_Controller_trig ; Top        ;
; PARTITION_FITTER_PRESERVATION_LEVEL ; -- (Not supported for targeted family)                 ; --              ; VGA_Controller_trig ; Top        ;
; PARTITION_NETLIST_TYPE              ; -- (Not supported for targeted family)                 ; --              ; VGA_Controller_trig ; Top        ;
; POWER_BOARD_THERMAL_MODEL           ; None (CONSERVATIVE)                                    ; --              ; --                  ; --         ;
; POWER_PRESET_COOLING_SOLUTION       ; 23 MM HEAT SINK WITH 200 LFPM AIRFLOW                  ; --              ; --                  ; --         ;
; PROJECT_OUTPUT_DIRECTORY            ; output_files                                           ; --              ; --                  ; --         ;
; SLD_FILE                            ; nios/synthesis/nios.regmap                             ; --              ; --                  ; --         ;
; SLD_FILE                            ; nios/synthesis/nios.debuginfo                          ; --              ; --                  ; --         ;
; SLD_INFO                            ; QSYS_NAME nios HAS_SOPCINFO 1 GENERATION_ID 1592320164 ; --              ; nios                ; --         ;
; SOPCINFO_FILE                       ; nios/synthesis/../../nios.sopcinfo                     ; --              ; --                  ; --         ;
; SYNTHESIS_ONLY_QIP                  ; On                                                     ; --              ; --                  ; --         ;
; TOP_LEVEL_ENTITY                    ; VGA_Controller_trig                                    ; colourfiltering ; --                  ; --         ;
+-------------------------------------+--------------------------------------------------------+-----------------+---------------------+------------+
>>>>>>> parent of 9167a04... 游녨游때游댦


+--------------------------------------------------------------------------------------------------------------------------+
; Flow Elapsed Time                                                                                                        ;
+----------------------+--------------+-------------------------+---------------------+------------------------------------+
; Module Name          ; Elapsed Time ; Average Processors Used ; Peak Virtual Memory ; Total CPU Time (on all processors) ;
+----------------------+--------------+-------------------------+---------------------+------------------------------------+
<<<<<<< HEAD
; Analysis & Synthesis ; 00:00:51     ; 1.0                     ; 4969 MB             ; 00:01:08                           ;
; Fitter               ; 00:00:19     ; 1.1                     ; 5905 MB             ; 00:00:32                           ;
; Assembler            ; 00:00:03     ; 1.0                     ; 4711 MB             ; 00:00:03                           ;
; Timing Analyzer      ; 00:00:04     ; 1.2                     ; 4924 MB             ; 00:00:04                           ;
; Total                ; 00:01:17     ; --                      ; --                  ; 00:01:47                           ;
=======
; Analysis & Synthesis ; 00:00:35     ; 1.0                     ; 4930 MB             ; 00:00:54                           ;
; Fitter               ; 00:00:20     ; 1.0                     ; 5868 MB             ; 00:00:34                           ;
; Assembler            ; 00:00:04     ; 1.0                     ; 4708 MB             ; 00:00:04                           ;
; Timing Analyzer      ; 00:00:03     ; 1.1                     ; 4903 MB             ; 00:00:03                           ;
; Total                ; 00:01:02     ; --                      ; --                  ; 00:01:35                           ;
>>>>>>> parent of 9167a04... 游녨游때游댦
+----------------------+--------------+-------------------------+---------------------+------------------------------------+


+------------------------------------------------------------------------------------+
; Flow OS Summary                                                                    ;
+----------------------+------------------+------------+------------+----------------+
; Module Name          ; Machine Hostname ; OS Name    ; OS Version ; Processor type ;
+----------------------+------------------+------------+------------+----------------+
; Analysis & Synthesis ; XPS-Sidoi        ; Windows 10 ; 10.0       ; x86_64         ;
; Fitter               ; XPS-Sidoi        ; Windows 10 ; 10.0       ; x86_64         ;
; Assembler            ; XPS-Sidoi        ; Windows 10 ; 10.0       ; x86_64         ;
; Timing Analyzer      ; XPS-Sidoi        ; Windows 10 ; 10.0       ; x86_64         ;
+----------------------+------------------+------------+------------+----------------+


------------
; Flow Log ;
------------
quartus_map --read_settings_files=on --write_settings_files=off ColourFiltering -c colourfiltering
quartus_fit --read_settings_files=off --write_settings_files=off ColourFiltering -c colourfiltering
quartus_asm --read_settings_files=off --write_settings_files=off ColourFiltering -c colourfiltering
quartus_sta ColourFiltering -c colourfiltering



