Info: Starting: Create block symbol file (.bsf)
Info: qsys-generate C:\Users\Gertjan\OneDrive\Projects\Courses_FPGA\MAIN_PROJECT\nios.qsys --block-symbol-file --output-directory=C:\Users\Gertjan\OneDrive\Projects\Courses_FPGA\MAIN_PROJECT\nios --family="Cyclone IV E" --part=EP4CE115F29C7
Progress: Loading MAIN_PROJECT/nios.qsys
Progress: Reading input file
Progress: Adding SW [altera_avalon_pio 18.1]
Progress: Parameterizing module SW
Progress: Adding altpll_0 [altpll 18.1]
Progress: Parameterizing module altpll_0
Progress: Adding blue [altera_avalon_pio 18.1]
Progress: Parameterizing module blue
Progress: Adding clk_0 [clock_source 18.1]
Progress: Parameterizing module clk_0
Progress: Adding green [altera_avalon_pio 18.1]
Progress: Parameterizing module green
Progress: Adding jtag_uart_0 [altera_avalon_jtag_uart 18.1]
Progress: Parameterizing module jtag_uart_0
Progress: Adding nios2_gen2_0 [altera_nios2_gen2 18.1]
Progress: Parameterizing module nios2_gen2_0
Progress: Adding onchip_memory2_0 [altera_avalon_onchip_memory2 18.1]
Progress: Parameterizing module onchip_memory2_0
Progress: Adding red [altera_avalon_pio 18.1]
Progress: Parameterizing module red
Progress: Building connections
Progress: Parameterizing connections
Progress: Validating
Progress: Done reading input file
Info: nios.SW: PIO inputs are not hardwired in test bench. Undefined values will be read from PIO inputs during simulation.
Info: nios.blue: PIO inputs are not hardwired in test bench. Undefined values will be read from PIO inputs during simulation.
Info: nios.green: PIO inputs are not hardwired in test bench. Undefined values will be read from PIO inputs during simulation.
Info: nios.jtag_uart_0: JTAG UART IP input clock need to be at least double (2x) the operating frequency of JTAG TCK on board
Info: nios.red: PIO inputs are not hardwired in test bench. Undefined values will be read from PIO inputs during simulation.
Info: qsys-generate succeeded.
Info: Finished: Create block symbol file (.bsf)
Info: 
Info: Starting: Create HDL design files for synthesis
Info: qsys-generate C:\Users\Gertjan\OneDrive\Projects\Courses_FPGA\MAIN_PROJECT\nios.qsys --synthesis=VERILOG --output-directory=C:\Users\Gertjan\OneDrive\Projects\Courses_FPGA\MAIN_PROJECT\nios\synthesis --family="Cyclone IV E" --part=EP4CE115F29C7
Progress: Loading MAIN_PROJECT/nios.qsys
Progress: Reading input file
Progress: Adding SW [altera_avalon_pio 18.1]
Progress: Parameterizing module SW
Progress: Adding altpll_0 [altpll 18.1]
Progress: Parameterizing module altpll_0
Progress: Adding blue [altera_avalon_pio 18.1]
Progress: Parameterizing module blue
Progress: Adding clk_0 [clock_source 18.1]
Progress: Parameterizing module clk_0
Progress: Adding green [altera_avalon_pio 18.1]
Progress: Parameterizing module green
Progress: Adding jtag_uart_0 [altera_avalon_jtag_uart 18.1]
Progress: Parameterizing module jtag_uart_0
Progress: Adding nios2_gen2_0 [altera_nios2_gen2 18.1]
Progress: Parameterizing module nios2_gen2_0
Progress: Adding onchip_memory2_0 [altera_avalon_onchip_memory2 18.1]
Progress: Parameterizing module onchip_memory2_0
Progress: Adding red [altera_avalon_pio 18.1]
Progress: Parameterizing module red
Progress: Building connections
Progress: Parameterizing connections
Progress: Validating
Progress: Done reading input file
Info: nios.SW: PIO inputs are not hardwired in test bench. Undefined values will be read from PIO inputs during simulation.
Info: nios.blue: PIO inputs are not hardwired in test bench. Undefined values will be read from PIO inputs during simulation.
Info: nios.green: PIO inputs are not hardwired in test bench. Undefined values will be read from PIO inputs during simulation.
Info: nios.jtag_uart_0: JTAG UART IP input clock need to be at least double (2x) the operating frequency of JTAG TCK on board
Info: nios.red: PIO inputs are not hardwired in test bench. Undefined values will be read from PIO inputs during simulation.
Info: nios: Generating nios "nios" for QUARTUS_SYNTH
Info: Inserting clock-crossing logic between cmd_demux.src2 and cmd_mux_002.sink0
Info: Inserting clock-crossing logic between rsp_demux_002.src0 and rsp_mux.sink2
Info: SW: Starting RTL generation for module 'nios_SW'
Info: SW:   Generation command is [exec C:/software/intelfpga_lite/18.1/quartus/bin64/perl/bin/perl.exe -I C:/software/intelfpga_lite/18.1/quartus/bin64/perl/lib -I C:/software/intelfpga_lite/18.1/quartus/sopc_builder/bin/europa -I C:/software/intelfpga_lite/18.1/quartus/sopc_builder/bin/perl_lib -I C:/software/intelfpga_lite/18.1/quartus/sopc_builder/bin -I C:/software/intelfpga_lite/18.1/quartus/../ip/altera/sopc_builder_ip/common -I C:/software/intelfpga_lite/18.1/quartus/../ip/altera/sopc_builder_ip/altera_avalon_pio -- C:/software/intelfpga_lite/18.1/quartus/../ip/altera/sopc_builder_ip/altera_avalon_pio/generate_rtl.pl --name=nios_SW --dir=C:/Users/Gertjan/AppData/Local/Temp/alt8425_4128265050798971012.dir/0002_SW_gen/ --quartus_dir=C:/software/intelfpga_lite/18.1/quartus --verilog --config=C:/Users/Gertjan/AppData/Local/Temp/alt8425_4128265050798971012.dir/0002_SW_gen//nios_SW_component_configuration.pl  --do_build_sim=0  ]
Info: SW: Done RTL generation for module 'nios_SW'
Info: SW: "nios" instantiated altera_avalon_pio "SW"
Info: altpll_0: "nios" instantiated altpll "altpll_0"
Info: blue: Starting RTL generation for module 'nios_blue'
Info: blue:   Generation command is [exec C:/software/intelfpga_lite/18.1/quartus/bin64/perl/bin/perl.exe -I C:/software/intelfpga_lite/18.1/quartus/bin64/perl/lib -I C:/software/intelfpga_lite/18.1/quartus/sopc_builder/bin/europa -I C:/software/intelfpga_lite/18.1/quartus/sopc_builder/bin/perl_lib -I C:/software/intelfpga_lite/18.1/quartus/sopc_builder/bin -I C:/software/intelfpga_lite/18.1/quartus/../ip/altera/sopc_builder_ip/common -I C:/software/intelfpga_lite/18.1/quartus/../ip/altera/sopc_builder_ip/altera_avalon_pio -- C:/software/intelfpga_lite/18.1/quartus/../ip/altera/sopc_builder_ip/altera_avalon_pio/generate_rtl.pl --name=nios_blue --dir=C:/Users/Gertjan/AppData/Local/Temp/alt8425_4128265050798971012.dir/0005_blue_gen/ --quartus_dir=C:/software/intelfpga_lite/18.1/quartus --verilog --config=C:/Users/Gertjan/AppData/Local/Temp/alt8425_4128265050798971012.dir/0005_blue_gen//nios_blue_component_configuration.pl  --do_build_sim=0  ]
Info: blue: Done RTL generation for module 'nios_blue'
Info: blue: "nios" instantiated altera_avalon_pio "blue"
Info: jtag_uart_0: Starting RTL generation for module 'nios_jtag_uart_0'
Info: jtag_uart_0:   Generation command is [exec C:/software/intelfpga_lite/18.1/quartus/bin64/perl/bin/perl.exe -I C:/software/intelfpga_lite/18.1/quartus/bin64/perl/lib -I C:/software/intelfpga_lite/18.1/quartus/sopc_builder/bin/europa -I C:/software/intelfpga_lite/18.1/quartus/sopc_builder/bin/perl_lib -I C:/software/intelfpga_lite/18.1/quartus/sopc_builder/bin -I C:/software/intelfpga_lite/18.1/quartus/../ip/altera/sopc_builder_ip/common -I C:/software/intelfpga_lite/18.1/quartus/../ip/altera/sopc_builder_ip/altera_avalon_jtag_uart -- C:/software/intelfpga_lite/18.1/quartus/../ip/altera/sopc_builder_ip/altera_avalon_jtag_uart/generate_rtl.pl --name=nios_jtag_uart_0 --dir=C:/Users/Gertjan/AppData/Local/Temp/alt8425_4128265050798971012.dir/0006_jtag_uart_0_gen/ --quartus_dir=C:/software/intelfpga_lite/18.1/quartus --verilog --config=C:/Users/Gertjan/AppData/Local/Temp/alt8425_4128265050798971012.dir/0006_jtag_uart_0_gen//nios_jtag_uart_0_component_configuration.pl  --do_build_sim=0  ]
Info: jtag_uart_0: Done RTL generation for module 'nios_jtag_uart_0'
Info: jtag_uart_0: "nios" instantiated altera_avalon_jtag_uart "jtag_uart_0"
Info: nios2_gen2_0: "nios" instantiated altera_nios2_gen2 "nios2_gen2_0"
Info: onchip_memory2_0: Starting RTL generation for module 'nios_onchip_memory2_0'
Info: onchip_memory2_0:   Generation command is [exec C:/software/intelfpga_lite/18.1/quartus/bin64/perl/bin/perl.exe -I C:/software/intelfpga_lite/18.1/quartus/bin64/perl/lib -I C:/software/intelfpga_lite/18.1/quartus/sopc_builder/bin/europa -I C:/software/intelfpga_lite/18.1/quartus/sopc_builder/bin/perl_lib -I C:/software/intelfpga_lite/18.1/quartus/sopc_builder/bin -I C:/software/intelfpga_lite/18.1/quartus/../ip/altera/sopc_builder_ip/common -I C:/software/intelfpga_lite/18.1/quartus/../ip/altera/sopc_builder_ip/altera_avalon_onchip_memory2 -- C:/software/intelfpga_lite/18.1/quartus/../ip/altera/sopc_builder_ip/altera_avalon_onchip_memory2/generate_rtl.pl --name=nios_onchip_memory2_0 --dir=C:/Users/Gertjan/AppData/Local/Temp/alt8425_4128265050798971012.dir/0007_onchip_memory2_0_gen/ --quartus_dir=C:/software/intelfpga_lite/18.1/quartus --verilog --config=C:/Users/Gertjan/AppData/Local/Temp/alt8425_4128265050798971012.dir/0007_onchip_memory2_0_gen//nios_onchip_memory2_0_component_configuration.pl  --do_build_sim=0  ]
Info: onchip_memory2_0: Done RTL generation for module 'nios_onchip_memory2_0'
Info: onchip_memory2_0: "nios" instantiated altera_avalon_onchip_memory2 "onchip_memory2_0"
Info: avalon_st_adapter: Inserting error_adapter: error_adapter_0
Info: avalon_st_adapter_001: Inserting error_adapter: error_adapter_0
Info: avalon_st_adapter_002: Inserting error_adapter: error_adapter_0
Info: avalon_st_adapter_003: Inserting error_adapter: error_adapter_0
Info: avalon_st_adapter_004: Inserting error_adapter: error_adapter_0
Info: avalon_st_adapter_005: Inserting error_adapter: error_adapter_0
Info: avalon_st_adapter_006: Inserting error_adapter: error_adapter_0
Info: avalon_st_adapter_007: Inserting error_adapter: error_adapter_0
Info: mm_interconnect_0: "nios" instantiated altera_mm_interconnect "mm_interconnect_0"
Info: irq_mapper: "nios" instantiated altera_irq_mapper "irq_mapper"
Info: rst_controller: "nios" instantiated altera_reset_controller "rst_controller"
Info: cpu: Starting RTL generation for module 'nios_nios2_gen2_0_cpu'
Info: cpu:   Generation command is [exec C:/Software/intelFPGA_lite/18.1/quartus/bin64//eperlcmd.exe -I C:/Software/intelFPGA_lite/18.1/quartus/bin64//perl/lib -I C:/software/intelfpga_lite/18.1/quartus/sopc_builder/bin/europa -I C:/software/intelfpga_lite/18.1/quartus/sopc_builder/bin/perl_lib -I C:/software/intelfpga_lite/18.1/quartus/sopc_builder/bin -I C:/software/intelfpga_lite/18.1/quartus/../ip/altera/nios2_ip/altera_nios2_gen2/cpu_lib -I C:/software/intelfpga_lite/18.1/quartus/../ip/altera/nios2_ip/altera_nios2_gen2/nios_lib -I C:/software/intelfpga_lite/18.1/quartus/../ip/altera/nios2_ip/altera_nios2_gen2 -I C:/software/intelfpga_lite/18.1/quartus/../ip/altera/nios2_ip/altera_nios2_gen2 -- C:/software/intelfpga_lite/18.1/quartus/../ip/altera/nios2_ip/altera_nios2_gen2/generate_rtl.epl --name=nios_nios2_gen2_0_cpu --dir=C:/Users/Gertjan/AppData/Local/Temp/alt8425_4128265050798971012.dir/0010_cpu_gen/ --quartus_bindir=C:/Software/intelFPGA_lite/18.1/quartus/bin64/ --verilog --config=C:/Users/Gertjan/AppData/Local/Temp/alt8425_4128265050798971012.dir/0010_cpu_gen//nios_nios2_gen2_0_cpu_processor_configuration.pl  --do_build_sim=0  ]
Info: cpu: # 2020.06.12 15:12:39 (*) Starting Nios II generation
Info: cpu: # 2020.06.12 15:12:39 (*)   Checking for plaintext license.
Info: cpu: # 2020.06.12 15:12:39 (*)   Couldn't query license setup in Quartus directory C:/Software/intelFPGA_lite/18.1/quartus/bin64/
Info: cpu: # 2020.06.12 15:12:39 (*)   Defaulting to contents of LM_LICENSE_FILE environment variable
Info: cpu: # 2020.06.12 15:12:39 (*)   LM_LICENSE_FILE environment variable is empty
Info: cpu: # 2020.06.12 15:12:39 (*)   Plaintext license not found.
Info: cpu: # 2020.06.12 15:12:39 (*)   No license required to generate encrypted Nios II/e.
Info: cpu: # 2020.06.12 15:12:39 (*)   Elaborating CPU configuration settings
Info: cpu: # 2020.06.12 15:12:39 (*)   Creating all objects for CPU
Info: cpu: # 2020.06.12 15:12:41 (*)   Generating RTL from CPU objects
Info: cpu: # 2020.06.12 15:12:41 (*)   Creating plain-text RTL
Info: cpu: # 2020.06.12 15:12:41 (*) Done Nios II generation
Info: cpu: Done RTL generation for module 'nios_nios2_gen2_0_cpu'
Info: cpu: "nios2_gen2_0" instantiated altera_nios2_gen2_unit "cpu"
Info: nios2_gen2_0_data_master_translator: "mm_interconnect_0" instantiated altera_merlin_master_translator "nios2_gen2_0_data_master_translator"
Info: jtag_uart_0_avalon_jtag_slave_translator: "mm_interconnect_0" instantiated altera_merlin_slave_translator "jtag_uart_0_avalon_jtag_slave_translator"
Info: nios2_gen2_0_data_master_agent: "mm_interconnect_0" instantiated altera_merlin_master_agent "nios2_gen2_0_data_master_agent"
Info: jtag_uart_0_avalon_jtag_slave_agent: "mm_interconnect_0" instantiated altera_merlin_slave_agent "jtag_uart_0_avalon_jtag_slave_agent"
Info: jtag_uart_0_avalon_jtag_slave_agent_rsp_fifo: "mm_interconnect_0" instantiated altera_avalon_sc_fifo "jtag_uart_0_avalon_jtag_slave_agent_rsp_fifo"
Info: router: "mm_interconnect_0" instantiated altera_merlin_router "router"
Info: router_001: "mm_interconnect_0" instantiated altera_merlin_router "router_001"
Info: router_002: "mm_interconnect_0" instantiated altera_merlin_router "router_002"
Info: router_004: "mm_interconnect_0" instantiated altera_merlin_router "router_004"
Info: cmd_demux: "mm_interconnect_0" instantiated altera_merlin_demultiplexer "cmd_demux"
Info: cmd_demux_001: "mm_interconnect_0" instantiated altera_merlin_demultiplexer "cmd_demux_001"
Info: cmd_mux: "mm_interconnect_0" instantiated altera_merlin_multiplexer "cmd_mux"
Info: cmd_mux_002: "mm_interconnect_0" instantiated altera_merlin_multiplexer "cmd_mux_002"
Info: Reusing file C:/Users/Gertjan/OneDrive/Projects/Courses_FPGA/MAIN_PROJECT/nios/synthesis/submodules/altera_merlin_arbitrator.sv
Info: rsp_demux: "mm_interconnect_0" instantiated altera_merlin_demultiplexer "rsp_demux"
Info: rsp_demux_002: "mm_interconnect_0" instantiated altera_merlin_demultiplexer "rsp_demux_002"
Info: rsp_demux_003: "mm_interconnect_0" instantiated altera_merlin_demultiplexer "rsp_demux_003"
Info: rsp_mux: "mm_interconnect_0" instantiated altera_merlin_multiplexer "rsp_mux"
Info: Reusing file C:/Users/Gertjan/OneDrive/Projects/Courses_FPGA/MAIN_PROJECT/nios/synthesis/submodules/altera_merlin_arbitrator.sv
Info: rsp_mux_001: "mm_interconnect_0" instantiated altera_merlin_multiplexer "rsp_mux_001"
Info: Reusing file C:/Users/Gertjan/OneDrive/Projects/Courses_FPGA/MAIN_PROJECT/nios/synthesis/submodules/altera_merlin_arbitrator.sv
Info: crosser: "mm_interconnect_0" instantiated altera_avalon_st_handshake_clock_crosser "crosser"
Info: avalon_st_adapter: "mm_interconnect_0" instantiated altera_avalon_st_adapter "avalon_st_adapter"
Info: error_adapter_0: "avalon_st_adapter" instantiated error_adapter "error_adapter_0"
Info: nios: Done "nios" with 32 modules, 49 files
Info: qsys-generate succeeded.
Info: Finished: Create HDL design files for synthesis
